# JRE version: OpenJDK Runtime Environment (8.0_76-b03) (build 1.8.0_76-release-b03)
# Java VM: OpenJDK 64-Bit Server VM (25.76-b03 mixed mode windows-amd64 compressed oops)
Heap:
 PSYoungGen      total 435200K, used 28270K [0x00000000e0000000, 0x0000000100000000, 0x0000000100000000)
  eden space 410112K, 2% used [0x00000000e0000000,0x00000000e0a70f20,0x00000000f9080000)
  from space 25088K, 70% used [0x00000000fbb00000,0x00000000fcc2a918,0x00000000fd380000)
  to   space 43520K, 0% used [0x00000000f9080000,0x00000000f9080000,0x00000000fbb00000)
 ParOldGen       total 181248K, used 92790K [0x00000000a0000000, 0x00000000ab100000, 0x00000000e0000000)
  object space 181248K, 51% used [0x00000000a0000000,0x00000000a5a9da78,0x00000000ab100000)
 Metaspace       used 74375K, capacity 77524K, committed 77696K, reserved 1116160K
  class space    used 9456K, capacity 10089K, committed 10112K, reserved 1048576K
GC Heap History (10 events):
Event: 1937.100 GC heap before
{Heap before GC invocations=25 (full 6):
 PSYoungGen      total 404480K, used 22526K [0x00000000e0000000, 0x00000000fb100000, 0x0000000100000000)
  eden space 381952K, 0% used [0x00000000e0000000,0x00000000e0000000,0x00000000f7500000)
  from space 22528K, 99% used [0x00000000f7500000,0x00000000f8aff9f0,0x00000000f8b00000)
  to   space 27648K, 0% used [0x00000000f9600000,0x00000000f9600000,0x00000000fb100000)
 ParOldGen       total 93184K, used 32844K [0x00000000a0000000, 0x00000000a5b00000, 0x00000000e0000000)
  object space 93184K, 35% used [0x00000000a0000000,0x00000000a2013030,0x00000000a5b00000)
 Metaspace       used 71791K, capacity 74754K, committed 74880K, reserved 1114112K
  class space    used 9275K, capacity 9804K, committed 9856K, reserved 1048576K
Event: 1938.506 GC heap after
Heap after GC invocations=25 (full 6):
 PSYoungGen      total 404480K, used 0K [0x00000000e0000000, 0x00000000fb100000, 0x0000000100000000)
  eden space 381952K, 0% used [0x00000000e0000000,0x00000000e0000000,0x00000000f7500000)
  from space 22528K, 0% used [0x00000000f7500000,0x00000000f7500000,0x00000000f8b00000)
  to   space 27648K, 0% used [0x00000000f9600000,0x00000000f9600000,0x00000000fb100000)
 ParOldGen       total 93184K, used 51964K [0x00000000a0000000, 0x00000000a5b00000, 0x00000000e0000000)
  object space 93184K, 55% used [0x00000000a0000000,0x00000000a32bf130,0x00000000a5b00000)
 Metaspace       used 71714K, capacity 74524K, committed 74880K, reserved 1114112K
  class space    used 9255K, capacity 9779K, committed 9856K, reserved 1048576K
}
Event: 2004.564 GC heap before
{Heap before GC invocations=26 (full 6):
 PSYoungGen      total 404480K, used 381952K [0x00000000e0000000, 0x00000000fb100000, 0x0000000100000000)
  eden space 381952K, 100% used [0x00000000e0000000,0x00000000f7500000,0x00000000f7500000)
  from space 22528K, 0% used [0x00000000f7500000,0x00000000f7500000,0x00000000f8b00000)
  to   space 27648K, 0% used [0x00000000f9600000,0x00000000f9600000,0x00000000fb100000)
 ParOldGen       total 93184K, used 51964K [0x00000000a0000000, 0x00000000a5b00000, 0x00000000e0000000)
  object space 93184K, 55% used [0x00000000a0000000,0x00000000a32bf130,0x00000000a5b00000)
 Metaspace       used 73227K, capacity 76240K, committed 76288K, reserved 1116160K
  class space    used 9399K, capacity 9981K, committed 9984K, reserved 1048576K
Event: 2004.591 GC heap after
Heap after GC invocations=26 (full 6):
 PSYoungGen      total 416768K, used 7769K [0x00000000e0000000, 0x00000000fd200000, 0x0000000100000000)
  eden space 389120K, 0% used [0x00000000e0000000,0x00000000e0000000,0x00000000f7c00000)
  from space 27648K, 28% used [0x00000000f9600000,0x00000000f9d96650,0x00000000fb100000)
  to   space 26624K, 0% used [0x00000000f7c00000,0x00000000f7c00000,0x00000000f9600000)
 ParOldGen       total 93184K, used 51972K [0x00000000a0000000, 0x00000000a5b00000, 0x00000000e0000000)
  object space 93184K, 55% used [0x00000000a0000000,0x00000000a32c1130,0x00000000a5b00000)
 Metaspace       used 73227K, capacity 76240K, committed 76288K, reserved 1116160K
  class space    used 9399K, capacity 9981K, committed 9984K, reserved 1048576K
}
Event: 2014.355 GC heap before
{Heap before GC invocations=27 (full 6):
 PSYoungGen      total 416768K, used 396532K [0x00000000e0000000, 0x00000000fd200000, 0x0000000100000000)
  eden space 389120K, 99% used [0x00000000e0000000,0x00000000f7ba69c0,0x00000000f7c00000)
  from space 27648K, 28% used [0x00000000f9600000,0x00000000f9d96650,0x00000000fb100000)
  to   space 26624K, 0% used [0x00000000f7c00000,0x00000000f7c00000,0x00000000f9600000)
 ParOldGen       total 93184K, used 51972K [0x00000000a0000000, 0x00000000a5b00000, 0x00000000e0000000)
  object space 93184K, 55% used [0x00000000a0000000,0x00000000a32c1130,0x00000000a5b00000)
 Metaspace       used 73674K, capacity 76764K, committed 76928K, reserved 1116160K
  class space    used 9419K, capacity 10015K, committed 10112K, reserved 1048576K
Event: 2014.413 GC heap after
Heap after GC invocations=27 (full 6):
 PSYoungGen      total 415744K, used 10833K [0x00000000e0000000, 0x00000000fd380000, 0x0000000100000000)
  eden space 389120K, 0% used [0x00000000e0000000,0x00000000e0000000,0x00000000f7c00000)
  from space 26624K, 40% used [0x00000000f7c00000,0x00000000f8694478,0x00000000f9600000)
  to   space 25088K, 0% used [0x00000000fbb00000,0x00000000fbb00000,0x00000000fd380000)
 ParOldGen       total 93184K, used 51980K [0x00000000a0000000, 0x00000000a5b00000, 0x00000000e0000000)
  object space 93184K, 55% used [0x00000000a0000000,0x00000000a32c3130,0x00000000a5b00000)
 Metaspace       used 73674K, capacity 76764K, committed 76928K, reserved 1116160K
  class space    used 9419K, capacity 10015K, committed 10112K, reserved 1048576K
}
Event: 2021.192 GC heap before
{Heap before GC invocations=28 (full 6):
 PSYoungGen      total 415744K, used 399953K [0x00000000e0000000, 0x00000000fd380000, 0x0000000100000000)
  eden space 389120K, 100% used [0x00000000e0000000,0x00000000f7c00000,0x00000000f7c00000)
  from space 26624K, 40% used [0x00000000f7c00000,0x00000000f8694478,0x00000000f9600000)
  to   space 25088K, 0% used [0x00000000fbb00000,0x00000000fbb00000,0x00000000fd380000)
 ParOldGen       total 93184K, used 51980K [0x00000000a0000000, 0x00000000a5b00000, 0x00000000e0000000)
  object space 93184K, 55% used [0x00000000a0000000,0x00000000a32c3130,0x00000000a5b00000)
 Metaspace       used 74366K, capacity 77460K, committed 77696K, reserved 1116160K
  class space    used 9456K, capacity 10089K, committed 10112K, reserved 1048576K
Event: 2021.652 GC heap after
Heap after GC invocations=28 (full 6):
 PSYoungGen      total 435200K, used 25079K [0x00000000e0000000, 0x0000000100000000, 0x0000000100000000)
  eden space 410112K, 0% used [0x00000000e0000000,0x00000000e0000000,0x00000000f9080000)
  from space 25088K, 99% used [0x00000000fbb00000,0x00000000fd37dde8,0x00000000fd380000)
  to   space 43520K, 0% used [0x00000000f9080000,0x00000000f9080000,0x00000000fbb00000)
 ParOldGen       total 93184K, used 90865K [0x00000000a0000000, 0x00000000a5b00000, 0x00000000e0000000)
  object space 93184K, 97% used [0x00000000a0000000,0x00000000a58bc700,0x00000000a5b00000)
 Metaspace       used 74366K, capacity 77460K, committed 77696K, reserved 1116160K
  class space    used 9456K, capacity 10089K, committed 10112K, reserved 1048576K
}
Event: 2021.652 GC heap before
{Heap before GC invocations=29 (full 7):
 PSYoungGen      total 435200K, used 25079K [0x00000000e0000000, 0x0000000100000000, 0x0000000100000000)
  eden space 410112K, 0% used [0x00000000e0000000,0x00000000e0000000,0x00000000f9080000)
  from space 25088K, 99% used [0x00000000fbb00000,0x00000000fd37dde8,0x00000000fd380000)
  to   space 43520K, 0% used [0x00000000f9080000,0x00000000f9080000,0x00000000fbb00000)
 ParOldGen       total 93184K, used 90865K [0x00000000a0000000, 0x00000000a5b00000, 0x00000000e0000000)
  object space 93184K, 97% used [0x00000000a0000000,0x00000000a58bc700,0x00000000a5b00000)
 Metaspace       used 74366K, capacity 77460K, committed 77696K, reserved 1116160K
  class space    used 9456K, capacity 10089K, committed 10112K, reserved 1048576K
Event: 2024.659 GC heap after
Heap after GC invocations=29 (full 7):
 PSYoungGen      total 435200K, used 17578K [0x00000000e0000000, 0x0000000100000000, 0x0000000100000000)
  eden space 410112K, 0% used [0x00000000e0000000,0x00000000e0000000,0x00000000f9080000)
  from space 25088K, 70% used [0x00000000fbb00000,0x00000000fcc2a918,0x00000000fd380000)
  to   space 43520K, 0% used [0x00000000f9080000,0x00000000f9080000,0x00000000fbb00000)
 ParOldGen       total 181248K, used 92790K [0x00000000a0000000, 0x00000000ab100000, 0x00000000e0000000)
  object space 181248K, 51% used [0x00000000a0000000,0x00000000a5a9da78,0x00000000ab100000)
 Metaspace       used 74366K, capacity 77460K, committed 77696K, reserved 1116160K
  class space    used 9456K, capacity 10089K, committed 10112K, reserved 1048576K
}

